<?xml version="1.0" encoding="UTF-8"?>
<!-- Generated by org.testng.reporters.JUnitReportReporter -->
<testsuite skipped="0" hostname="TH1554" name="com.milvik.mip.testrunner.MIP_Home_Test" tests="4" failures="0" timestamp="19 Dec 2017 05:12:25 GMT" time="15.845" errors="0">
  <testcase name="homeTestOne" time="4.905" classname="com.milvik.mip.testrunner.MIP_Home_Test"/>
  <testcase name="homeTestThree" time="3.163" classname="com.milvik.mip.testrunner.MIP_Home_Test"/>
  <testcase name="homeTestTwo" time="3.965" classname="com.milvik.mip.testrunner.MIP_Home_Test"/>
  <testcase name="homeTestFour" time="3.812" classname="com.milvik.mip.testrunner.MIP_Home_Test"/>
</testsuite> <!-- com.milvik.mip.testrunner.MIP_Home_Test -->
