<?xml version="1.0" encoding="UTF-8"?>
<!-- Generated by org.testng.reporters.JUnitReportReporter -->
<testsuite skipped="0" hostname="TH1554" name="com.milvik.mip.testrunner.MIP_LoginTest" tests="5" failures="0" timestamp="13 Dec 2017 11:58:09 GMT" time="6.376" errors="0">
  <testcase name="loginTestFour" time="0.439" classname="com.milvik.mip.testrunner.MIP_LoginTest"/>
  <testcase name="loginTestFour" time="0.398" classname="com.milvik.mip.testrunner.MIP_LoginTest"/>
  <testcase name="loginTestFour" time="2.907" classname="com.milvik.mip.testrunner.MIP_LoginTest"/>
  <testcase name="loginTestFour" time="0.930" classname="com.milvik.mip.testrunner.MIP_LoginTest"/>
  <testcase name="loginTestFour" time="1.702" classname="com.milvik.mip.testrunner.MIP_LoginTest"/>
</testsuite> <!-- com.milvik.mip.testrunner.MIP_LoginTest -->
