<?xml version="1.0" encoding="UTF-8"?>
<!-- Generated by org.testng.reporters.JUnitReportReporter -->
<testsuite skipped="0" hostname="TH1716" name="com.milvik.mip.rolemanagement.testrunner.MIP_ViewRole_Test" tests="8" failures="0" timestamp="14 Aug 2018 03:58:06 GMT" time="20.989" errors="0">
  <testcase name="viewRoleOne" time="1.270" classname="com.milvik.mip.rolemanagement.testrunner.MIP_ViewRole_Test"/>
  <testcase name="viewRoleThree" time="2.813" classname="com.milvik.mip.rolemanagement.testrunner.MIP_ViewRole_Test"/>
  <testcase name="viewRoleThree" time="2.763" classname="com.milvik.mip.rolemanagement.testrunner.MIP_ViewRole_Test"/>
  <testcase name="viewRoleThree" time="3.399" classname="com.milvik.mip.rolemanagement.testrunner.MIP_ViewRole_Test"/>
  <testcase name="viewRoleFour" time="6.030" classname="com.milvik.mip.rolemanagement.testrunner.MIP_ViewRole_Test"/>
  <testcase name="viewRoleTwo" time="1.572" classname="com.milvik.mip.rolemanagement.testrunner.MIP_ViewRole_Test"/>
  <testcase name="viewRoleTwo" time="1.496" classname="com.milvik.mip.rolemanagement.testrunner.MIP_ViewRole_Test"/>
  <testcase name="viewRoleTwo" time="1.646" classname="com.milvik.mip.rolemanagement.testrunner.MIP_ViewRole_Test"/>
</testsuite> <!-- com.milvik.mip.rolemanagement.testrunner.MIP_ViewRole_Test -->
