<?xml version="1.0" encoding="UTF-8"?>
<!-- Generated by org.testng.reporters.JUnitReportReporter -->
<testsuite skipped="0" hostname="TH1716" name="com.milvik.mip.usermanagement.testrunner.MIP_ResetPassword_Test" tests="4" failures="0" timestamp="14 Aug 2018 07:29:31 GMT" time="9.836" errors="0">
  <testcase name="resetPasswordOne" time="0.638" classname="com.milvik.mip.usermanagement.testrunner.MIP_ResetPassword_Test"/>
  <testcase name="resetPasswordThree" time="0.275" classname="com.milvik.mip.usermanagement.testrunner.MIP_ResetPassword_Test"/>
  <testcase name="resetPasswordThree" time="1.318" classname="com.milvik.mip.usermanagement.testrunner.MIP_ResetPassword_Test"/>
  <testcase name="resetPasswordTwo" time="7.605" classname="com.milvik.mip.usermanagement.testrunner.MIP_ResetPassword_Test"/>
</testsuite> <!-- com.milvik.mip.usermanagement.testrunner.MIP_ResetPassword_Test -->
