<?xml version="1.0" encoding="UTF-8"?>
<!-- Generated by org.testng.reporters.JUnitReportReporter -->
<testsuite skipped="0" hostname="TH1716" name="com.milvik.mip.customermanagement.testrunner.MIP_SearchCustomer_Test" tests="1" failures="0" timestamp="14 Aug 2018 10:06:23 GMT" time="5.233" errors="0">
  <testcase name="searchCustNine" time="5.233" classname="com.milvik.mip.customermanagement.testrunner.MIP_SearchCustomer_Test"/>
</testsuite> <!-- com.milvik.mip.customermanagement.testrunner.MIP_SearchCustomer_Test -->
