<?xml version="1.0" encoding="UTF-8"?>
<!-- Generated by org.testng.reporters.JUnitReportReporter -->
<testsuite skipped="0" hostname="TH1716" name="com.milvik.mip.adminconfig.testrunner.MIP_AdminConfiguration_Test" tests="10" failures="0" timestamp="09 Aug 2018 11:19:04 GMT" time="17.617" errors="0">
  <testcase name="adminConfigThree" time="1.485" classname="com.milvik.mip.adminconfig.testrunner.MIP_AdminConfiguration_Test"/>
  <testcase name="adminConfigThree" time="1.479" classname="com.milvik.mip.adminconfig.testrunner.MIP_AdminConfiguration_Test"/>
  <testcase name="adminConfigThree" time="1.448" classname="com.milvik.mip.adminconfig.testrunner.MIP_AdminConfiguration_Test"/>
  <testcase name="adminConfigThree" time="1.484" classname="com.milvik.mip.adminconfig.testrunner.MIP_AdminConfiguration_Test"/>
  <testcase name="adminConfigThree" time="1.474" classname="com.milvik.mip.adminconfig.testrunner.MIP_AdminConfiguration_Test"/>
  <testcase name="adminConfigThree" time="1.432" classname="com.milvik.mip.adminconfig.testrunner.MIP_AdminConfiguration_Test"/>
  <testcase name="adminConfigThree" time="1.730" classname="com.milvik.mip.adminconfig.testrunner.MIP_AdminConfiguration_Test"/>
  <testcase name="adminConfigThree" time="1.473" classname="com.milvik.mip.adminconfig.testrunner.MIP_AdminConfiguration_Test"/>
  <testcase name="adminConfigOne" time="1.022" classname="com.milvik.mip.adminconfig.testrunner.MIP_AdminConfiguration_Test"/>
  <testcase name="adminConfigTwo" time="4.590" classname="com.milvik.mip.adminconfig.testrunner.MIP_AdminConfiguration_Test"/>
</testsuite> <!-- com.milvik.mip.adminconfig.testrunner.MIP_AdminConfiguration_Test -->
