<?xml version="1.0" encoding="UTF-8"?>
<!-- Generated by org.testng.reporters.JUnitReportReporter -->
<testsuite skipped="0" hostname="TH1716" name="com.milvik.mip.usermanagement.testrunner.MIP_SearchUser_Test" tests="11" failures="0" timestamp="14 Aug 2018 08:33:26 GMT" time="11.691" errors="0">
  <testcase name="searchUserTwo" time="1.476" classname="com.milvik.mip.usermanagement.testrunner.MIP_SearchUser_Test"/>
  <testcase name="searchUserTwo" time="1.383" classname="com.milvik.mip.usermanagement.testrunner.MIP_SearchUser_Test"/>
  <testcase name="searchUserThree" time="0.688" classname="com.milvik.mip.usermanagement.testrunner.MIP_SearchUser_Test"/>
  <testcase name="searchUserFour" time="0.763" classname="com.milvik.mip.usermanagement.testrunner.MIP_SearchUser_Test"/>
  <testcase name="searchUserFive" time="0.838" classname="com.milvik.mip.usermanagement.testrunner.MIP_SearchUser_Test"/>
  <testcase name="searchUserFour" time="0.728" classname="com.milvik.mip.usermanagement.testrunner.MIP_SearchUser_Test"/>
  <testcase name="searchUserFour" time="0.811" classname="com.milvik.mip.usermanagement.testrunner.MIP_SearchUser_Test"/>
  <testcase name="searchUserTwo" time="1.658" classname="com.milvik.mip.usermanagement.testrunner.MIP_SearchUser_Test"/>
  <testcase name="searchUserOne" time="0.189" classname="com.milvik.mip.usermanagement.testrunner.MIP_SearchUser_Test"/>
  <testcase name="searchUserTwo" time="1.164" classname="com.milvik.mip.usermanagement.testrunner.MIP_SearchUser_Test"/>
  <testcase name="searchUserTwo" time="1.993" classname="com.milvik.mip.usermanagement.testrunner.MIP_SearchUser_Test"/>
</testsuite> <!-- com.milvik.mip.usermanagement.testrunner.MIP_SearchUser_Test -->
