<?xml version="1.0" encoding="UTF-8"?>
<!-- Generated by org.testng.reporters.JUnitReportReporter -->
<testsuite skipped="0" hostname="TH1554" name="com.milvik.mip.loginlogout.testrunner.MIP_Logout_Test" tests="10" failures="0" timestamp="29 Jan 2018 07:22:08 GMT" time="32.826" errors="0">
  <testcase name="logoutTestTwo" time="3.042" classname="com.milvik.mip.loginlogout.testrunner.MIP_Logout_Test"/>
  <testcase name="logoutTestTwo" time="3.182" classname="com.milvik.mip.loginlogout.testrunner.MIP_Logout_Test"/>
  <testcase name="logoutTestOne" time="3.234" classname="com.milvik.mip.loginlogout.testrunner.MIP_Logout_Test"/>
  <testcase name="logoutTestTwo" time="3.117" classname="com.milvik.mip.loginlogout.testrunner.MIP_Logout_Test"/>
  <testcase name="logoutTestTwo" time="2.828" classname="com.milvik.mip.loginlogout.testrunner.MIP_Logout_Test"/>
  <testcase name="logoutTestTwo" time="3.670" classname="com.milvik.mip.loginlogout.testrunner.MIP_Logout_Test"/>
  <testcase name="logoutTestTwo" time="2.779" classname="com.milvik.mip.loginlogout.testrunner.MIP_Logout_Test"/>
  <testcase name="logoutTestTwo" time="4.913" classname="com.milvik.mip.loginlogout.testrunner.MIP_Logout_Test"/>
  <testcase name="logoutTestTwo" time="3.241" classname="com.milvik.mip.loginlogout.testrunner.MIP_Logout_Test"/>
  <testcase name="logoutTestTwo" time="2.820" classname="com.milvik.mip.loginlogout.testrunner.MIP_Logout_Test"/>
</testsuite> <!-- com.milvik.mip.loginlogout.testrunner.MIP_Logout_Test -->
