<?xml version="1.0" encoding="UTF-8"?>
<!-- Generated by org.testng.reporters.JUnitReportReporter -->
<testsuite skipped="0" hostname="TH1554" name="com.milvik.mip.loginlogout.testrunner.MIP_Login_Test" tests="10" failures="0" timestamp="29 Jan 2018 07:08:56 GMT" time="15.693" errors="0">
  <testcase name="loginTestFour" time="1.035" classname="com.milvik.mip.loginlogout.testrunner.MIP_Login_Test"/>
  <testcase name="loginTestFour" time="1.690" classname="com.milvik.mip.loginlogout.testrunner.MIP_Login_Test"/>
  <testcase name="loginTestFour" time="0.680" classname="com.milvik.mip.loginlogout.testrunner.MIP_Login_Test"/>
  <testcase name="loginTestOne" time="0.725" classname="com.milvik.mip.loginlogout.testrunner.MIP_Login_Test"/>
  <testcase name="loginTestFour" time="0.610" classname="com.milvik.mip.loginlogout.testrunner.MIP_Login_Test"/>
  <testcase name="loginTestSix" time="1.096" classname="com.milvik.mip.loginlogout.testrunner.MIP_Login_Test"/>
  <testcase name="loginTestFour" time="1.145" classname="com.milvik.mip.loginlogout.testrunner.MIP_Login_Test"/>
  <testcase name="loginTestThree" time="2.431" classname="com.milvik.mip.loginlogout.testrunner.MIP_Login_Test"/>
  <testcase name="loginTestFive" time="3.840" classname="com.milvik.mip.loginlogout.testrunner.MIP_Login_Test"/>
  <testcase name="loginTestTwo" time="2.441" classname="com.milvik.mip.loginlogout.testrunner.MIP_Login_Test"/>
</testsuite> <!-- com.milvik.mip.loginlogout.testrunner.MIP_Login_Test -->
