<?xml version="1.0" encoding="UTF-8"?>
<!-- Generated by org.testng.reporters.JUnitReportReporter -->
<testsuite skipped="0" hostname="TH1716" name="com.milvik.mip.passwordmanagement.MIP_ChangePassword_Test" tests="4" failures="0" timestamp="14 Aug 2018 04:44:29 GMT" time="6.010" errors="0">
  <testcase name="changePassThree" time="1.509" classname="com.milvik.mip.passwordmanagement.MIP_ChangePassword_Test"/>
  <testcase name="changePassThree" time="1.503" classname="com.milvik.mip.passwordmanagement.MIP_ChangePassword_Test"/>
  <testcase name="changePassThree" time="1.548" classname="com.milvik.mip.passwordmanagement.MIP_ChangePassword_Test"/>
  <testcase name="changePassThree" time="1.450" classname="com.milvik.mip.passwordmanagement.MIP_ChangePassword_Test"/>
</testsuite> <!-- com.milvik.mip.passwordmanagement.MIP_ChangePassword_Test -->
