<?xml version="1.0" encoding="UTF-8"?>
<!-- Generated by org.testng.reporters.JUnitReportReporter -->
<testsuite skipped="0" hostname="TH1716" name="com.milvik.mip.branchmanagement.testrunner.MIP_AddBranch_Test" tests="9" failures="0" timestamp="13 Aug 2018 06:59:10 GMT" time="8.921" errors="0">
  <testcase name="addBranchOne" time="1.100" classname="com.milvik.mip.branchmanagement.testrunner.MIP_AddBranch_Test"/>
  <testcase name="addBranchTwo" time="3.103" classname="com.milvik.mip.branchmanagement.testrunner.MIP_AddBranch_Test"/>
  <testcase name="addBranchFour" time="1.264" classname="com.milvik.mip.branchmanagement.testrunner.MIP_AddBranch_Test"/>
  <testcase name="addBranchFour" time="0.597" classname="com.milvik.mip.branchmanagement.testrunner.MIP_AddBranch_Test"/>
  <testcase name="addBranchFour" time="0.597" classname="com.milvik.mip.branchmanagement.testrunner.MIP_AddBranch_Test"/>
  <testcase name="addBranchFour" time="0.648" classname="com.milvik.mip.branchmanagement.testrunner.MIP_AddBranch_Test"/>
  <testcase name="addBranchFour" time="0.597" classname="com.milvik.mip.branchmanagement.testrunner.MIP_AddBranch_Test"/>
  <testcase name="addBranchFour" time="0.629" classname="com.milvik.mip.branchmanagement.testrunner.MIP_AddBranch_Test"/>
  <testcase name="addBranchThree" time="0.386" classname="com.milvik.mip.branchmanagement.testrunner.MIP_AddBranch_Test"/>
</testsuite> <!-- com.milvik.mip.branchmanagement.testrunner.MIP_AddBranch_Test -->
