<?xml version="1.0" encoding="UTF-8"?>
<!-- Generated by org.testng.reporters.JUnitReportReporter -->
<testsuite skipped="0" hostname="TH1554" name="com.milvik.mip.testrunner.MIP_ForgotPassword_Test" tests="5" failures="0" timestamp="19 Dec 2017 05:11:46 GMT" time="10.217" errors="0">
  <testcase name="forgotPassThree" time="1.882" classname="com.milvik.mip.testrunner.MIP_ForgotPassword_Test"/>
  <testcase name="forgotPassFour" time="2.041" classname="com.milvik.mip.testrunner.MIP_ForgotPassword_Test"/>
  <testcase name="forgotPassOne" time="0.827" classname="com.milvik.mip.testrunner.MIP_ForgotPassword_Test"/>
  <testcase name="forgotPassTwo" time="3.726" classname="com.milvik.mip.testrunner.MIP_ForgotPassword_Test"/>
  <testcase name="forgotPassFive" time="1.741" classname="com.milvik.mip.testrunner.MIP_ForgotPassword_Test"/>
</testsuite> <!-- com.milvik.mip.testrunner.MIP_ForgotPassword_Test -->
