<?xml version="1.0" encoding="UTF-8"?>
<!-- Generated by org.testng.reporters.JUnitReportReporter -->
<testsuite skipped="0" hostname="TH1716" name="com.milvik.mip.smsmanagement.testrunner.MIP_ReturnRequest_Test" tests="9" failures="0" timestamp="14 Aug 2018 06:45:53 GMT" time="33.891" errors="0">
  <testcase name="returnRequestThree" time="1.356" classname="com.milvik.mip.smsmanagement.testrunner.MIP_ReturnRequest_Test"/>
  <testcase name="returnRequestFour" time="2.656" classname="com.milvik.mip.smsmanagement.testrunner.MIP_ReturnRequest_Test"/>
  <testcase name="returnRequestFour" time="2.988" classname="com.milvik.mip.smsmanagement.testrunner.MIP_ReturnRequest_Test"/>
  <testcase name="returnRequestThree" time="1.365" classname="com.milvik.mip.smsmanagement.testrunner.MIP_ReturnRequest_Test"/>
  <testcase name="returnRequestThree" time="1.343" classname="com.milvik.mip.smsmanagement.testrunner.MIP_ReturnRequest_Test"/>
  <testcase name="returnRequestOne" time="0.162" classname="com.milvik.mip.smsmanagement.testrunner.MIP_ReturnRequest_Test"/>
  <testcase name="returnRequestThree" time="1.870" classname="com.milvik.mip.smsmanagement.testrunner.MIP_ReturnRequest_Test"/>
  <testcase name="returnRequestThree" time="1.324" classname="com.milvik.mip.smsmanagement.testrunner.MIP_ReturnRequest_Test"/>
  <testcase name="returnRequestTwo" time="20.827" classname="com.milvik.mip.smsmanagement.testrunner.MIP_ReturnRequest_Test"/>
</testsuite> <!-- com.milvik.mip.smsmanagement.testrunner.MIP_ReturnRequest_Test -->
