<?xml version="1.0" encoding="UTF-8"?>
<!-- Generated by org.testng.reporters.JUnitReportReporter -->
<testsuite skipped="0" hostname="TH1716" name="com.milvik.mip.usermanagement.testrunner.MIP_ListUser_Test" tests="5" failures="0" timestamp="14 Aug 2018 07:11:37 GMT" time="23.929" errors="0">
  <testcase name="listUserOne" time="2.178" classname="com.milvik.mip.usermanagement.testrunner.MIP_ListUser_Test"/>
  <testcase name="listUserThree" time="4.971" classname="com.milvik.mip.usermanagement.testrunner.MIP_ListUser_Test"/>
  <testcase name="listUserThree" time="6.592" classname="com.milvik.mip.usermanagement.testrunner.MIP_ListUser_Test"/>
  <testcase name="listUserTwo" time="6.200" classname="com.milvik.mip.usermanagement.testrunner.MIP_ListUser_Test"/>
  <testcase name="listUserTwo" time="3.988" classname="com.milvik.mip.usermanagement.testrunner.MIP_ListUser_Test"/>
</testsuite> <!-- com.milvik.mip.usermanagement.testrunner.MIP_ListUser_Test -->
