<?xml version="1.0" encoding="UTF-8"?>
<!-- Generated by org.testng.reporters.JUnitReportReporter -->
<testsuite skipped="0" hostname="TH1554" name="com.milvik.mip.customermanagement.testrunner.MIP_CustRegistration_Test" tests="13" failures="0" timestamp="23 Jan 2018 07:23:21 GMT" time="110.186" errors="0">
  <testcase name="regCustNine" time="8.443" classname="com.milvik.mip.customermanagement.testrunner.MIP_CustRegistration_Test"/>
  <testcase name="regCustNine" time="6.192" classname="com.milvik.mip.customermanagement.testrunner.MIP_CustRegistration_Test"/>
  <testcase name="regCustNine" time="6.287" classname="com.milvik.mip.customermanagement.testrunner.MIP_CustRegistration_Test"/>
  <testcase name="regCustNine" time="7.778" classname="com.milvik.mip.customermanagement.testrunner.MIP_CustRegistration_Test"/>
  <testcase name="regCustNine" time="6.058" classname="com.milvik.mip.customermanagement.testrunner.MIP_CustRegistration_Test"/>
  <testcase name="regCustNine" time="6.817" classname="com.milvik.mip.customermanagement.testrunner.MIP_CustRegistration_Test"/>
  <testcase name="regCustNine" time="7.521" classname="com.milvik.mip.customermanagement.testrunner.MIP_CustRegistration_Test"/>
  <testcase name="regCustNine" time="5.952" classname="com.milvik.mip.customermanagement.testrunner.MIP_CustRegistration_Test"/>
  <testcase name="regCustNine" time="6.807" classname="com.milvik.mip.customermanagement.testrunner.MIP_CustRegistration_Test"/>
  <testcase name="regCustNine" time="7.277" classname="com.milvik.mip.customermanagement.testrunner.MIP_CustRegistration_Test"/>
  <testcase name="regCustNine" time="7.092" classname="com.milvik.mip.customermanagement.testrunner.MIP_CustRegistration_Test"/>
  <testcase name="regCustNine" time="7.554" classname="com.milvik.mip.customermanagement.testrunner.MIP_CustRegistration_Test"/>
  <testcase name="regCustNine" time="26.408" classname="com.milvik.mip.customermanagement.testrunner.MIP_CustRegistration_Test"/>
</testsuite> <!-- com.milvik.mip.customermanagement.testrunner.MIP_CustRegistration_Test -->
