<?xml version="1.0" encoding="UTF-8"?>
<!-- Generated by org.testng.reporters.JUnitReportReporter -->
<testsuite skipped="0" hostname="TH1716" name="login_multiuser.Run_Methods_Parallel" tests="2" failures="0" timestamp="16 Aug 2018 11:13:00 GMT" time="38.555" errors="0">
  <testcase name="test_app" time="19.259" classname="login_multiuser.Run_Methods_Parallel"/>
  <testcase name="test_app" time="19.296" classname="login_multiuser.Run_Methods_Parallel"/>
</testsuite> <!-- login_multiuser.Run_Methods_Parallel -->
