<?xml version="1.0" encoding="UTF-8"?>
<!-- Generated by org.testng.reporters.JUnitReportReporter -->
<testsuite skipped="2" hostname="TH1716" name="com.milvik.mip.branchmanagement.testrunner.MIP_ListBranch_Test" tests="7" failures="0" timestamp="13 Aug 2018 10:01:27 GMT" time="16.368" errors="0">
  <testcase name="listBranchOne" time="1.340" classname="com.milvik.mip.branchmanagement.testrunner.MIP_ListBranch_Test"/>
  <testcase name="listBranchTwo" time="1.949" classname="com.milvik.mip.branchmanagement.testrunner.MIP_ListBranch_Test"/>
  <testcase name="listBranchThree" time="6.891" classname="com.milvik.mip.branchmanagement.testrunner.MIP_ListBranch_Test"/>
  <testcase name="listBranchFour" time="2.819" classname="com.milvik.mip.branchmanagement.testrunner.MIP_ListBranch_Test"/>
  <testcase name="listBranchFive" time="3.369" classname="com.milvik.mip.branchmanagement.testrunner.MIP_ListBranch_Test"/>
  <testcase name="listBranchSix" classname="com.milvik.mip.branchmanagement.testrunner.MIP_ListBranch_Test">
    <skipped/>
  </testcase> <!-- listBranchSix -->
  <testcase name="listBranchSeven" classname="com.milvik.mip.branchmanagement.testrunner.MIP_ListBranch_Test">
    <skipped/>
  </testcase> <!-- listBranchSeven -->
</testsuite> <!-- com.milvik.mip.branchmanagement.testrunner.MIP_ListBranch_Test -->
