<?xml version="1.0" encoding="UTF-8"?>
<!-- Generated by org.testng.reporters.JUnitReportReporter -->
<testsuite skipped="0" hostname="TH1716" name="com.milvik.mip.passwordmanagement.MIP_ForgotPassword_Test" tests="5" failures="0" timestamp="14 Aug 2018 05:01:22 GMT" time="11.267" errors="0">
  <testcase name="forgotPassTwo" time="1.253" classname="com.milvik.mip.passwordmanagement.MIP_ForgotPassword_Test"/>
  <testcase name="forgotPassOne" time="0.804" classname="com.milvik.mip.passwordmanagement.MIP_ForgotPassword_Test"/>
  <testcase name="forgotPassThree" time="1.284" classname="com.milvik.mip.passwordmanagement.MIP_ForgotPassword_Test"/>
  <testcase name="forgotPassFive" time="5.887" classname="com.milvik.mip.passwordmanagement.MIP_ForgotPassword_Test"/>
  <testcase name="forgotPassFour" time="2.039" classname="com.milvik.mip.passwordmanagement.MIP_ForgotPassword_Test"/>
</testsuite> <!-- com.milvik.mip.passwordmanagement.MIP_ForgotPassword_Test -->
