<?xml version="1.0" encoding="UTF-8"?>
<!-- Generated by org.testng.reporters.JUnitReportReporter -->
<testsuite skipped="0" hostname="TH1554" name="com.milvik.mip.customermanagement.testrunner.MIP_DeRegisterCustomer_Test" tests="2" failures="0" timestamp="19 Jan 2018 05:21:50 GMT" time="16.046" errors="0">
  <testcase name="deRegCustFive" time="6.600" classname="com.milvik.mip.customermanagement.testrunner.MIP_DeRegisterCustomer_Test"/>
  <testcase name="deRegCustFive" time="9.446" classname="com.milvik.mip.customermanagement.testrunner.MIP_DeRegisterCustomer_Test"/>
</testsuite> <!-- com.milvik.mip.customermanagement.testrunner.MIP_DeRegisterCustomer_Test -->
