<?xml version="1.0" encoding="UTF-8"?>
<!-- Generated by org.testng.reporters.JUnitReportReporter -->
<testsuite skipped="0" hostname="TH1554" name="com.milvik.mip.customermanagement.testrunner.MIP_CoverHistory_Test" tests="2" failures="0" timestamp="19 Jan 2018 09:50:35 GMT" time="23.906" errors="0">
  <testcase name="coverHistoryThree" time="12.652" classname="com.milvik.mip.customermanagement.testrunner.MIP_CoverHistory_Test"/>
  <testcase name="coverHistoryThree" time="11.254" classname="com.milvik.mip.customermanagement.testrunner.MIP_CoverHistory_Test"/>
</testsuite> <!-- com.milvik.mip.customermanagement.testrunner.MIP_CoverHistory_Test -->
