<?xml version="1.0" encoding="UTF-8"?>
<!-- Generated by org.testng.reporters.JUnitReportReporter -->
<testsuite skipped="0" hostname="TH1554" name="com.milvik.mip.testrunner.MIP_BranchManagement_Test" tests="6" failures="0" timestamp="27 Dec 2017 05:33:26 GMT" time="35.517" errors="0">
  <testcase name="addBranchFour" time="5.072" classname="com.milvik.mip.testrunner.MIP_BranchManagement_Test"/>
  <testcase name="addBranchFour" time="5.134" classname="com.milvik.mip.testrunner.MIP_BranchManagement_Test"/>
  <testcase name="addBranchFour" time="4.992" classname="com.milvik.mip.testrunner.MIP_BranchManagement_Test"/>
  <testcase name="addBranchFour" time="5.093" classname="com.milvik.mip.testrunner.MIP_BranchManagement_Test"/>
  <testcase name="addBranchFour" time="4.866" classname="com.milvik.mip.testrunner.MIP_BranchManagement_Test"/>
  <testcase name="addBranchFour" time="10.360" classname="com.milvik.mip.testrunner.MIP_BranchManagement_Test"/>
</testsuite> <!-- com.milvik.mip.testrunner.MIP_BranchManagement_Test -->
