<?xml version="1.0" encoding="UTF-8"?>
<!-- Generated by org.testng.reporters.JUnitReportReporter -->
<testsuite skipped="0" hostname="TH1716" name="com.milvik.mip.customermanagement.testrunner.MIP_SwitchProductLevel_Test" tests="7" failures="0" timestamp="14 Aug 2018 10:36:59 GMT" time="10.689" errors="0">
  <testcase name="switchProductLevelFive" time="1.503" classname="com.milvik.mip.customermanagement.testrunner.MIP_SwitchProductLevel_Test"/>
  <testcase name="switchProductLevelFive" time="1.911" classname="com.milvik.mip.customermanagement.testrunner.MIP_SwitchProductLevel_Test"/>
  <testcase name="switchProductLevelFive" time="1.368" classname="com.milvik.mip.customermanagement.testrunner.MIP_SwitchProductLevel_Test"/>
  <testcase name="switchProductLevelFive" time="1.440" classname="com.milvik.mip.customermanagement.testrunner.MIP_SwitchProductLevel_Test"/>
  <testcase name="switchProductLevelFive" time="1.318" classname="com.milvik.mip.customermanagement.testrunner.MIP_SwitchProductLevel_Test"/>
  <testcase name="switchProductLevelFive" time="1.807" classname="com.milvik.mip.customermanagement.testrunner.MIP_SwitchProductLevel_Test"/>
  <testcase name="switchProductLevelFive" time="1.342" classname="com.milvik.mip.customermanagement.testrunner.MIP_SwitchProductLevel_Test"/>
</testsuite> <!-- com.milvik.mip.customermanagement.testrunner.MIP_SwitchProductLevel_Test -->
