<?xml version="1.0" encoding="UTF-8"?>
<!-- Generated by org.testng.reporters.JUnitReportReporter -->
<testsuite skipped="0" hostname="TH1716" name="com.milvik.mip.smsmanagement.testrunner.MIP_RefundsSMS_Test" tests="15" failures="0" timestamp="14 Aug 2018 06:19:23 GMT" time="38.186" errors="0">
  <testcase name="refundSMSThree" time="1.916" classname="com.milvik.mip.smsmanagement.testrunner.MIP_RefundsSMS_Test"/>
  <testcase name="refundSMSFive" time="3.385" classname="com.milvik.mip.smsmanagement.testrunner.MIP_RefundsSMS_Test"/>
  <testcase name="refundSMSTwo" time="3.411" classname="com.milvik.mip.smsmanagement.testrunner.MIP_RefundsSMS_Test"/>
  <testcase name="refundSMSSix" time="3.614" classname="com.milvik.mip.smsmanagement.testrunner.MIP_RefundsSMS_Test"/>
  <testcase name="refundMSOne" time="1.263" classname="com.milvik.mip.smsmanagement.testrunner.MIP_RefundsSMS_Test"/>
  <testcase name="refundSMSThree" time="1.374" classname="com.milvik.mip.smsmanagement.testrunner.MIP_RefundsSMS_Test"/>
  <testcase name="refundSMSFour" time="2.775" classname="com.milvik.mip.smsmanagement.testrunner.MIP_RefundsSMS_Test"/>
  <testcase name="refundSMSThree" time="1.406" classname="com.milvik.mip.smsmanagement.testrunner.MIP_RefundsSMS_Test"/>
  <testcase name="refundSMSSix" time="3.615" classname="com.milvik.mip.smsmanagement.testrunner.MIP_RefundsSMS_Test"/>
  <testcase name="refundSMSSix" time="3.581" classname="com.milvik.mip.smsmanagement.testrunner.MIP_RefundsSMS_Test"/>
  <testcase name="refundSMSFive" time="2.383" classname="com.milvik.mip.smsmanagement.testrunner.MIP_RefundsSMS_Test"/>
  <testcase name="refundSMSSix" time="3.774" classname="com.milvik.mip.smsmanagement.testrunner.MIP_RefundsSMS_Test"/>
  <testcase name="refundSMSThree" time="1.383" classname="com.milvik.mip.smsmanagement.testrunner.MIP_RefundsSMS_Test"/>
  <testcase name="refundSMSThree" time="1.314" classname="com.milvik.mip.smsmanagement.testrunner.MIP_RefundsSMS_Test"/>
  <testcase name="refundSMSTwo" time="2.992" classname="com.milvik.mip.smsmanagement.testrunner.MIP_RefundsSMS_Test"/>
</testsuite> <!-- com.milvik.mip.smsmanagement.testrunner.MIP_RefundsSMS_Test -->
