<?xml version="1.0" encoding="UTF-8"?>
<!-- Generated by org.testng.reporters.JUnitReportReporter -->
<testsuite skipped="0" hostname="TH1716" name="com.milvik.mip.leavemanagement.testrunner.MIP_ViewLeaves_Test" tests="1" failures="0" timestamp="13 Aug 2018 11:38:19 GMT" time="13.572" errors="0">
  <testcase name="viewLeavesThree" time="13.572" classname="com.milvik.mip.leavemanagement.testrunner.MIP_ViewLeaves_Test"/>
</testsuite> <!-- com.milvik.mip.leavemanagement.testrunner.MIP_ViewLeaves_Test -->
