<?xml version="1.0" encoding="UTF-8"?>
<!-- Generated by org.testng.reporters.JUnitReportReporter -->
<testsuite skipped="0" hostname="TH1554" name="com.milvik.mip.testrunner.MIP_Login_Test" tests="10" failures="0" timestamp="19 Dec 2017 12:07:55 GMT" time="17.040" errors="0">
  <testcase name="loginTestOne" time="0.779" classname="com.milvik.mip.testrunner.MIP_Login_Test"/>
  <testcase name="loginTestThree" time="0.885" classname="com.milvik.mip.testrunner.MIP_Login_Test"/>
  <testcase name="loginTestFour" time="0.960" classname="com.milvik.mip.testrunner.MIP_Login_Test"/>
  <testcase name="loginTestFive" time="4.768" classname="com.milvik.mip.testrunner.MIP_Login_Test"/>
  <testcase name="loginTestFour" time="1.501" classname="com.milvik.mip.testrunner.MIP_Login_Test"/>
  <testcase name="loginTestFour" time="0.440" classname="com.milvik.mip.testrunner.MIP_Login_Test"/>
  <testcase name="loginTestSix" time="1.260" classname="com.milvik.mip.testrunner.MIP_Login_Test"/>
  <testcase name="loginTestFour" time="3.280" classname="com.milvik.mip.testrunner.MIP_Login_Test"/>
  <testcase name="loginTestFour" time="0.375" classname="com.milvik.mip.testrunner.MIP_Login_Test"/>
  <testcase name="loginTestTwo" time="2.792" classname="com.milvik.mip.testrunner.MIP_Login_Test"/>
</testsuite> <!-- com.milvik.mip.testrunner.MIP_Login_Test -->
