<?xml version="1.0" encoding="UTF-8"?>
<!-- Generated by org.testng.reporters.JUnitReportReporter -->
<testsuite skipped="0" hostname="TH1554" name="com.milvik.mip.testrunner.MIP_CustRegistration_Test" tests="1" failures="0" timestamp="26 Dec 2017 09:38:48 GMT" time="11.975" errors="0">
  <testcase name="regCustTwo" time="11.975" classname="com.milvik.mip.testrunner.MIP_CustRegistration_Test"/>
</testsuite> <!-- com.milvik.mip.testrunner.MIP_CustRegistration_Test -->
